Array
(
    [payment_type] => instant
    [payment_date] => 22:19:41 May 12, 2020 PST
    [payment_status] => Completed
    [address_status] => confirmed
    [payer_status] => verified
    [first_name] => John
    [last_name] => Smith
    [payer_email] => buyer@paypalsandbox.com
    [payer_id] => TESTBUYERID01
    [address_name] => John Smith
    [address_country] => United States
    [address_country_code] => US
    [address_zip] => 95131
    [address_state] => CA
    [address_city] => San Jose
    [address_street] => 123 any street
    [business] => seller@paypalsandbox.com
    [receiver_email] => seller@paypalsandbox.com
    [receiver_id] => seller@paypalsandbox.com
    [residence_country] => US
    [item_name] => something
    [item_number] => AK-1234
    [quantity] => 1
    [shipping] => 3.04
    [tax] => 2.02
    [mc_currency] => USD
    [mc_fee] => 0.44
    [mc_gross] => 147.34
    [mc_gross_1] => 9.34
    [txn_type] => web_accept
    [txn_id] => 980834205
    [notify_version] => 2.1
    [custom] => 10
    [invoice] => abc1234
    [test_ipn] => 1
    [verify_sign] => AVfWftb.XxfCXF-bxKlIKGZO0fG7AHJHvrqr4FjKr7O6LPKZwtGFRVIJ
)
